<?xml version="1.0" encoding="UTF-8"?>
<testng-results skipped="1" failed="2" ignored="0" total="10" passed="7">
  <reporter-output>
  </reporter-output>
  <suite name="Suite" duration-ms="48" started-at="2022-04-08T19:57:14 KRAT" finished-at="2022-04-08T19:57:14 KRAT">
    <groups>
      <group name="SimpleTest">
        <method signature="ParamTestNG.testAge1()[pri:0, instance:ParamTestNG@e874448]" name="testAge1" class="ParamTestNG"/>
        <method signature="ParamTestNG.testAge2()[pri:0, instance:ParamTestNG@e874448]" name="testAge2" class="ParamTestNG"/>
      </group> <!-- SimpleTest -->
      <group name="TestCollection">
        <method signature="ParamTestNG.testStudentsDataCollection()[pri:1, instance:ParamTestNG@e874448]" name="testStudentsDataCollection" class="ParamTestNG"/>
        <method signature="ParamTestNG.testIsNotEmptyCollection()[pri:2, instance:ParamTestNG@e874448]" name="testIsNotEmptyCollection" class="ParamTestNG"/>
        <method signature="ParamTestNG.testEmptyCollection()[pri:0, instance:ParamTestNG@e874448]" name="testEmptyCollection" class="ParamTestNG"/>
        <method signature="ParamTestNG.testNullPointerCollection()[pri:0, instance:ParamTestNG@e874448]" name="testNullPointerCollection" class="ParamTestNG"/>
      </group> <!-- TestCollection -->
    </groups>
    <test name="Test" duration-ms="48" started-at="2022-04-08T19:57:14 KRAT" finished-at="2022-04-08T19:57:14 KRAT">
      <class name="ParamTestNG">
        <test-method status="PASS" signature="setUp()[pri:0, instance:ParamTestNG@e874448]" name="setUp" is-config="true" duration-ms="4" started-at="2022-04-08T19:57:14 KRAT" finished-at="2022-04-08T19:57:14 KRAT">
          <reporter-output>
          </reporter-output>
        </test-method> <!-- setUp -->
        <test-method status="FAIL" signature="params(int,java.lang.String,java.lang.String)[pri:0, instance:ParamTestNG@e874448]" name="params" duration-ms="4" started-at="2022-04-08T19:57:14 KRAT" finished-at="2022-04-08T19:57:14 KRAT">
          <params>
            <param index="0">
              <value>
                <![CDATA[0]]>
              </value>
            </param>
            <param index="1">
              <value is-null="true"/>
            </param>
            <param index="2">
              <value is-null="true"/>
            </param>
          </params>
          <exception class="java.lang.AssertionError">
            <message>
              <![CDATA[expected [null] but found [Andrew]]]>
            </message>
            <full-stacktrace>
              <![CDATA[java.lang.AssertionError: expected [null] but found [Andrew]
at org.testng.Assert.fail(Assert.java:99)
at org.testng.Assert.failNotEquals(Assert.java:1037)
at org.testng.Assert.assertEqualsImpl(Assert.java:140)
at org.testng.Assert.assertEquals(Assert.java:122)
at org.testng.Assert.assertEquals(Assert.java:629)
at org.testng.Assert.assertEquals(Assert.java:639)
at ParamTestNG.params(ParamTestNG.java:77)
at sun.reflect.NativeMethodAccessorImpl.invoke0(Native Method)
at sun.reflect.NativeMethodAccessorImpl.invoke(NativeMethodAccessorImpl.java:62)
at sun.reflect.DelegatingMethodAccessorImpl.invoke(DelegatingMethodAccessorImpl.java:43)
at java.lang.reflect.Method.invoke(Method.java:498)
at org.testng.internal.MethodInvocationHelper.invokeMethod(MethodInvocationHelper.java:133)
at org.testng.internal.TestInvoker.invokeMethod(TestInvoker.java:598)
at org.testng.internal.TestInvoker.invokeTestMethod(TestInvoker.java:173)
at org.testng.internal.MethodRunner.runInSequence(MethodRunner.java:46)
at org.testng.internal.TestInvoker$MethodInvocationAgent.invoke(TestInvoker.java:824)
at org.testng.internal.TestInvoker.invokeTestMethods(TestInvoker.java:146)
at org.testng.internal.TestMethodWorker.invokeTestMethods(TestMethodWorker.java:146)
at org.testng.internal.TestMethodWorker.run(TestMethodWorker.java:128)
at java.util.ArrayList.forEach(ArrayList.java:1257)
at org.testng.TestRunner.privateRun(TestRunner.java:794)
at org.testng.TestRunner.run(TestRunner.java:596)
at org.testng.SuiteRunner.runTest(SuiteRunner.java:377)
at org.testng.SuiteRunner.runSequentially(SuiteRunner.java:371)
at org.testng.SuiteRunner.privateRun(SuiteRunner.java:332)
at org.testng.SuiteRunner.run(SuiteRunner.java:276)
at org.testng.SuiteRunnerWorker.runSuite(SuiteRunnerWorker.java:53)
at org.testng.SuiteRunnerWorker.run(SuiteRunnerWorker.java:96)
at org.testng.TestNG.runSuitesSequentially(TestNG.java:1212)
at org.testng.TestNG.runSuitesLocally(TestNG.java:1134)
at org.testng.TestNG.runSuites(TestNG.java:1063)
at org.testng.TestNG.run(TestNG.java:1031)
at org.testng.remote.AbstractRemoteTestNG.run(AbstractRemoteTestNG.java:115)
at org.testng.remote.RemoteTestNG.initAndRun(RemoteTestNG.java:251)
at org.testng.remote.RemoteTestNG.main(RemoteTestNG.java:77)
]]>
            </full-stacktrace>
          </exception> <!-- java.lang.AssertionError -->
          <reporter-output>
          </reporter-output>
        </test-method> <!-- params -->
        <test-method status="PASS" signature="testAge1()[pri:0, instance:ParamTestNG@e874448]" name="testAge1" duration-ms="2" started-at="2022-04-08T19:57:14 KRAT" finished-at="2022-04-08T19:57:14 KRAT">
          <reporter-output>
          </reporter-output>
        </test-method> <!-- testAge1 -->
        <test-method status="PASS" signature="testAge2()[pri:0, instance:ParamTestNG@e874448]" name="testAge2" duration-ms="1" started-at="2022-04-08T19:57:14 KRAT" finished-at="2022-04-08T19:57:14 KRAT">
          <reporter-output>
          </reporter-output>
        </test-method> <!-- testAge2 -->
        <test-method status="PASS" signature="testEmptyCollection()[pri:0, instance:ParamTestNG@e874448]" name="testEmptyCollection" duration-ms="0" started-at="2022-04-08T19:57:14 KRAT" finished-at="2022-04-08T19:57:14 KRAT">
          <reporter-output>
          </reporter-output>
        </test-method> <!-- testEmptyCollection -->
        <test-method status="PASS" signature="testNames(java.lang.String,java.lang.String)[pri:0, instance:ParamTestNG@e874448]" name="testNames" duration-ms="1" started-at="2022-04-08T19:57:14 KRAT" data-provider="Data" finished-at="2022-04-08T19:57:14 KRAT">
          <params>
            <param index="0">
              <value>
                <![CDATA[Boris]]>
              </value>
            </param>
            <param index="1">
              <value>
                <![CDATA[Boris]]>
              </value>
            </param>
          </params>
          <reporter-output>
          </reporter-output>
        </test-method> <!-- testNames -->
        <test-method status="PASS" signature="testNames(java.lang.String,java.lang.String)[pri:0, instance:ParamTestNG@e874448]" name="testNames" duration-ms="1" started-at="2022-04-08T19:57:14 KRAT" data-provider="Data" finished-at="2022-04-08T19:57:14 KRAT">
          <params>
            <param index="0">
              <value>
                <![CDATA[Sergey]]>
              </value>
            </param>
            <param index="1">
              <value>
                <![CDATA[Sergey]]>
              </value>
            </param>
          </params>
          <reporter-output>
          </reporter-output>
        </test-method> <!-- testNames -->
        <test-method status="PASS" signature="testNames(java.lang.String,java.lang.String)[pri:0, instance:ParamTestNG@e874448]" name="testNames" duration-ms="1" started-at="2022-04-08T19:57:14 KRAT" data-provider="Data" finished-at="2022-04-08T19:57:14 KRAT">
          <params>
            <param index="0">
              <value>
                <![CDATA[Mihail]]>
              </value>
            </param>
            <param index="1">
              <value>
                <![CDATA[Mihail]]>
              </value>
            </param>
          </params>
          <reporter-output>
          </reporter-output>
        </test-method> <!-- testNames -->
        <test-method status="PASS" signature="testNullPointerCollection()[pri:0, instance:ParamTestNG@e874448]" name="testNullPointerCollection" duration-ms="0" started-at="2022-04-08T19:57:14 KRAT" finished-at="2022-04-08T19:57:14 KRAT">
          <exception class="java.lang.NullPointerException">
            <full-stacktrace>
              <![CDATA[java.lang.NullPointerException
at ParamTestNG.testNullPointerCollection(ParamTestNG.java:66)
at sun.reflect.NativeMethodAccessorImpl.invoke0(Native Method)
at sun.reflect.NativeMethodAccessorImpl.invoke(NativeMethodAccessorImpl.java:62)
at sun.reflect.DelegatingMethodAccessorImpl.invoke(DelegatingMethodAccessorImpl.java:43)
at java.lang.reflect.Method.invoke(Method.java:498)
at org.testng.internal.MethodInvocationHelper.invokeMethod(MethodInvocationHelper.java:133)
at org.testng.internal.TestInvoker.invokeMethod(TestInvoker.java:598)
at org.testng.internal.TestInvoker.invokeTestMethod(TestInvoker.java:173)
at org.testng.internal.MethodRunner.runInSequence(MethodRunner.java:46)
at org.testng.internal.TestInvoker$MethodInvocationAgent.invoke(TestInvoker.java:824)
at org.testng.internal.TestInvoker.invokeTestMethods(TestInvoker.java:146)
at org.testng.internal.TestMethodWorker.invokeTestMethods(TestMethodWorker.java:146)
at org.testng.internal.TestMethodWorker.run(TestMethodWorker.java:128)
at java.util.ArrayList.forEach(ArrayList.java:1257)
at org.testng.TestRunner.privateRun(TestRunner.java:794)
at org.testng.TestRunner.run(TestRunner.java:596)
at org.testng.SuiteRunner.runTest(SuiteRunner.java:377)
at org.testng.SuiteRunner.runSequentially(SuiteRunner.java:371)
at org.testng.SuiteRunner.privateRun(SuiteRunner.java:332)
at org.testng.SuiteRunner.run(SuiteRunner.java:276)
at org.testng.SuiteRunnerWorker.runSuite(SuiteRunnerWorker.java:53)
at org.testng.SuiteRunnerWorker.run(SuiteRunnerWorker.java:96)
at org.testng.TestNG.runSuitesSequentially(TestNG.java:1212)
at org.testng.TestNG.runSuitesLocally(TestNG.java:1134)
at org.testng.TestNG.runSuites(TestNG.java:1063)
at org.testng.TestNG.run(TestNG.java:1031)
at org.testng.remote.AbstractRemoteTestNG.run(AbstractRemoteTestNG.java:115)
at org.testng.remote.RemoteTestNG.initAndRun(RemoteTestNG.java:251)
at org.testng.remote.RemoteTestNG.main(RemoteTestNG.java:77)
]]>
            </full-stacktrace>
          </exception> <!-- java.lang.NullPointerException -->
          <reporter-output>
          </reporter-output>
        </test-method> <!-- testNullPointerCollection -->
        <test-method status="FAIL" signature="testStudentsDataCollection()[pri:1, instance:ParamTestNG@e874448]" name="testStudentsDataCollection" duration-ms="1" started-at="2022-04-08T19:57:14 KRAT" finished-at="2022-04-08T19:57:14 KRAT">
          <exception class="java.lang.NullPointerException">
            <full-stacktrace>
              <![CDATA[java.lang.NullPointerException
at ParamTestNG.testStudentsDataCollection(ParamTestNG.java:51)
at sun.reflect.NativeMethodAccessorImpl.invoke0(Native Method)
at sun.reflect.NativeMethodAccessorImpl.invoke(NativeMethodAccessorImpl.java:62)
at sun.reflect.DelegatingMethodAccessorImpl.invoke(DelegatingMethodAccessorImpl.java:43)
at java.lang.reflect.Method.invoke(Method.java:498)
at org.testng.internal.MethodInvocationHelper.invokeMethod(MethodInvocationHelper.java:133)
at org.testng.internal.TestInvoker.invokeMethod(TestInvoker.java:598)
at org.testng.internal.TestInvoker.invokeTestMethod(TestInvoker.java:173)
at org.testng.internal.MethodRunner.runInSequence(MethodRunner.java:46)
at org.testng.internal.TestInvoker$MethodInvocationAgent.invoke(TestInvoker.java:824)
at org.testng.internal.TestInvoker.invokeTestMethods(TestInvoker.java:146)
at org.testng.internal.TestMethodWorker.invokeTestMethods(TestMethodWorker.java:146)
at org.testng.internal.TestMethodWorker.run(TestMethodWorker.java:128)
at java.util.ArrayList.forEach(ArrayList.java:1257)
at org.testng.TestRunner.privateRun(TestRunner.java:794)
at org.testng.TestRunner.run(TestRunner.java:596)
at org.testng.SuiteRunner.runTest(SuiteRunner.java:377)
at org.testng.SuiteRunner.runSequentially(SuiteRunner.java:371)
at org.testng.SuiteRunner.privateRun(SuiteRunner.java:332)
at org.testng.SuiteRunner.run(SuiteRunner.java:276)
at org.testng.SuiteRunnerWorker.runSuite(SuiteRunnerWorker.java:53)
at org.testng.SuiteRunnerWorker.run(SuiteRunnerWorker.java:96)
at org.testng.TestNG.runSuitesSequentially(TestNG.java:1212)
at org.testng.TestNG.runSuitesLocally(TestNG.java:1134)
at org.testng.TestNG.runSuites(TestNG.java:1063)
at org.testng.TestNG.run(TestNG.java:1031)
at org.testng.remote.AbstractRemoteTestNG.run(AbstractRemoteTestNG.java:115)
at org.testng.remote.RemoteTestNG.initAndRun(RemoteTestNG.java:251)
at org.testng.remote.RemoteTestNG.main(RemoteTestNG.java:77)
]]>
            </full-stacktrace>
          </exception> <!-- java.lang.NullPointerException -->
          <reporter-output>
          </reporter-output>
        </test-method> <!-- testStudentsDataCollection -->
        <test-method status="SKIP" signature="testIsNotEmptyCollection()[pri:2, instance:ParamTestNG@e874448]" name="testIsNotEmptyCollection" duration-ms="0" started-at="2022-04-08T19:57:14 KRAT" depends-on-methods="ParamTestNG.testStudentsDataCollection" finished-at="2022-04-08T19:57:14 KRAT">
          <exception class="java.lang.Throwable">
            <message>
              <![CDATA[Method ParamTestNG.testIsNotEmptyCollection()[pri:2, instance:ParamTestNG@e874448] depends on not successfully finished methods]]>
            </message>
            <full-stacktrace>
              <![CDATA[java.lang.Throwable: Method ParamTestNG.testIsNotEmptyCollection()[pri:2, instance:ParamTestNG@e874448] depends on not successfully finished methods
at org.testng.internal.TestInvoker.invokeTestMethods(TestInvoker.java:102)
at org.testng.internal.TestMethodWorker.invokeTestMethods(TestMethodWorker.java:146)
at org.testng.internal.TestMethodWorker.run(TestMethodWorker.java:128)
at java.util.ArrayList.forEach(ArrayList.java:1257)
at org.testng.TestRunner.privateRun(TestRunner.java:794)
at org.testng.TestRunner.run(TestRunner.java:596)
at org.testng.SuiteRunner.runTest(SuiteRunner.java:377)
at org.testng.SuiteRunner.runSequentially(SuiteRunner.java:371)
at org.testng.SuiteRunner.privateRun(SuiteRunner.java:332)
at org.testng.SuiteRunner.run(SuiteRunner.java:276)
at org.testng.SuiteRunnerWorker.runSuite(SuiteRunnerWorker.java:53)
at org.testng.SuiteRunnerWorker.run(SuiteRunnerWorker.java:96)
at org.testng.TestNG.runSuitesSequentially(TestNG.java:1212)
at org.testng.TestNG.runSuitesLocally(TestNG.java:1134)
at org.testng.TestNG.runSuites(TestNG.java:1063)
at org.testng.TestNG.run(TestNG.java:1031)
at org.testng.remote.AbstractRemoteTestNG.run(AbstractRemoteTestNG.java:115)
at org.testng.remote.RemoteTestNG.initAndRun(RemoteTestNG.java:251)
at org.testng.remote.RemoteTestNG.main(RemoteTestNG.java:77)
]]>
            </full-stacktrace>
          </exception> <!-- java.lang.Throwable -->
          <reporter-output>
          </reporter-output>
        </test-method> <!-- testIsNotEmptyCollection -->
        <test-method status="FAIL" signature="teamDown()[pri:0, instance:ParamTestNG@e874448]" name="teamDown" is-config="true" duration-ms="0" started-at="2022-04-08T19:57:14 KRAT" finished-at="2022-04-08T19:57:14 KRAT">
          <exception class="java.lang.NullPointerException">
            <full-stacktrace>
              <![CDATA[java.lang.NullPointerException
at ParamTestNG.teamDown(ParamTestNG.java:21)
at sun.reflect.NativeMethodAccessorImpl.invoke0(Native Method)
at sun.reflect.NativeMethodAccessorImpl.invoke(NativeMethodAccessorImpl.java:62)
at sun.reflect.DelegatingMethodAccessorImpl.invoke(DelegatingMethodAccessorImpl.java:43)
at java.lang.reflect.Method.invoke(Method.java:498)
at org.testng.internal.MethodInvocationHelper.invokeMethod(MethodInvocationHelper.java:133)
at org.testng.internal.MethodInvocationHelper.invokeMethodConsideringTimeout(MethodInvocationHelper.java:62)
at org.testng.internal.ConfigInvoker.invokeConfigurationMethod(ConfigInvoker.java:385)
at org.testng.internal.ConfigInvoker.invokeConfigurations(ConfigInvoker.java:321)
at org.testng.internal.TestMethodWorker.invokeAfterClassMethods(TestMethodWorker.java:217)
at org.testng.internal.TestMethodWorker.run(TestMethodWorker.java:130)
at java.util.ArrayList.forEach(ArrayList.java:1257)
at org.testng.TestRunner.privateRun(TestRunner.java:794)
at org.testng.TestRunner.run(TestRunner.java:596)
at org.testng.SuiteRunner.runTest(SuiteRunner.java:377)
at org.testng.SuiteRunner.runSequentially(SuiteRunner.java:371)
at org.testng.SuiteRunner.privateRun(SuiteRunner.java:332)
at org.testng.SuiteRunner.run(SuiteRunner.java:276)
at org.testng.SuiteRunnerWorker.runSuite(SuiteRunnerWorker.java:53)
at org.testng.SuiteRunnerWorker.run(SuiteRunnerWorker.java:96)
at org.testng.TestNG.runSuitesSequentially(TestNG.java:1212)
at org.testng.TestNG.runSuitesLocally(TestNG.java:1134)
at org.testng.TestNG.runSuites(TestNG.java:1063)
at org.testng.TestNG.run(TestNG.java:1031)
at org.testng.remote.AbstractRemoteTestNG.run(AbstractRemoteTestNG.java:115)
at org.testng.remote.RemoteTestNG.initAndRun(RemoteTestNG.java:251)
at org.testng.remote.RemoteTestNG.main(RemoteTestNG.java:77)
]]>
            </full-stacktrace>
          </exception> <!-- java.lang.NullPointerException -->
          <reporter-output>
          </reporter-output>
        </test-method> <!-- teamDown -->
      </class> <!-- ParamTestNG -->
    </test> <!-- Test -->
  </suite> <!-- Suite -->
</testng-results>
